<?xml version="1.0" encoding="UTF-8"?>
<testng-results skipped="0" failed="0" ignored="0" total="1" passed="1">
  <reporter-output>
  </reporter-output>
  <suite name="Devops" duration-ms="3052" started-at="2021-09-21T07:02:08 IST" finished-at="2021-09-21T07:02:11 IST">
    <groups>
    </groups>
    <test name="Launch URL" duration-ms="3052" started-at="2021-09-21T07:02:08 IST" finished-at="2021-09-21T07:02:11 IST">
      <class name="LaunchBrowserURL.LaunchBrowser">
        <test-method status="PASS" signature="launchBrowser()[pri:0, instance:LaunchBrowserURL.LaunchBrowser@ff5b51f]" name="launchBrowser" is-config="true" duration-ms="2871" started-at="2021-09-21T07:02:08 IST" finished-at="2021-09-21T07:02:11 IST">
          <reporter-output>
          </reporter-output>
        </test-method> <!-- launchBrowser -->
        <test-method status="PASS" signature="LaunchBrowserUrl()[pri:0, instance:LaunchBrowserURL.LaunchBrowser@ff5b51f]" name="LaunchBrowserUrl" duration-ms="35" started-at="2021-09-21T07:02:11 IST" finished-at="2021-09-21T07:02:11 IST">
          <reporter-output>
          </reporter-output>
        </test-method> <!-- LaunchBrowserUrl -->
        <test-method status="PASS" signature="tearDownDriver()[pri:0, instance:LaunchBrowserURL.LaunchBrowser@ff5b51f]" name="tearDownDriver" is-config="true" duration-ms="83" started-at="2021-09-21T07:02:11 IST" finished-at="2021-09-21T07:02:11 IST">
          <reporter-output>
          </reporter-output>
        </test-method> <!-- tearDownDriver -->
      </class> <!-- LaunchBrowserURL.LaunchBrowser -->
    </test> <!-- Launch URL -->
  </suite> <!-- Devops -->
</testng-results>
